c:\users\08051\source\repos\skateboard_engine\intermediate\debug-windows-x86_64\gameapp\vc143.pdb
c:\users\08051\source\repos\skateboard_engine\intermediate\debug-windows-x86_64\gameapp\vc143.idb
c:\users\08051\source\repos\skateboard_engine\intermediate\debug-windows-x86_64\gameapp\scenehierarchypanel.obj
c:\users\08051\source\repos\skateboard_engine\intermediate\debug-windows-x86_64\gameapp\gamelayer.obj
c:\users\08051\source\repos\skateboard_engine\intermediate\debug-windows-x86_64\gameapp\gameapp.obj
c:\users\08051\source\repos\skateboard_enginetri\intermediate\debug-windows-x86_64\gameapp\vc143.pdb
c:\users\08051\source\repos\skateboard_enginetri\intermediate\debug-windows-x86_64\gameapp\vc143.idb
c:\users\08051\source\repos\skateboard_enginetri\intermediate\debug-windows-x86_64\gameapp\gamelayer.obj
c:\users\08051\source\repos\skateboard_enginetri\intermediate\debug-windows-x86_64\gameapp\gameapp.obj
c:\users\08051\source\repos\skateboard_engine\bin\debug-windows-x86_64\gameapp\raytracing_lib.cso
c:\users\08051\source\repos\skateboard_engine\bin\debug-windows-x86_64\gameapp\bounding_sphere_ms.cso
c:\users\08051\source\repos\skateboard_engine\bin\debug-windows-x86_64\gameapp\compute_cs.cso
c:\users\08051\source\repos\skateboard_engine\bin\debug-windows-x86_64\gameapp\domainshader_ds.cso
c:\users\08051\source\repos\skateboard_engine\bin\debug-windows-x86_64\gameapp\geometryshader_gs.cso
c:\users\08051\source\repos\skateboard_engine\bin\debug-windows-x86_64\gameapp\hullshader_hs.cso
c:\users\08051\source\repos\skateboard_engine\bin\debug-windows-x86_64\gameapp\meshlet_cull_as.cso
c:\users\08051\source\repos\skateboard_engine\bin\debug-windows-x86_64\gameapp\meshlet_cull_ms.cso
c:\users\08051\source\repos\skateboard_engine\bin\debug-windows-x86_64\gameapp\meshlet_instancing_ms.cso
c:\users\08051\source\repos\skateboard_engine\bin\debug-windows-x86_64\gameapp\meshshader_ms.cso
c:\users\08051\source\repos\skateboard_engine\bin\debug-windows-x86_64\gameapp\meshshader_ps.cso
c:\users\08051\source\repos\skateboard_engine\bin\debug-windows-x86_64\gameapp\pixelshader_ps.cso
c:\users\08051\source\repos\skateboard_engine\bin\debug-windows-x86_64\gameapp\vertexshader_vs.cso
c:\users\08051\source\repos\skateboard_enginetri\bin\debug-windows-x86_64\gameapp\pixelshader.cso
c:\users\08051\source\repos\skateboard_enginetri\bin\debug-windows-x86_64\gameapp\vertexshader.cso
c:\users\08051\source\repos\skateboard_engine\intermediate\debug-windows-x86_64\gameapp\gameapp.ilk
c:\users\08051\source\repos\skateboard_engine\bin\debug-windows-x86_64\gameapp\gameapp.exe
c:\users\08051\source\repos\skateboard_engine\bin\debug-windows-x86_64\gameapp\gameapp.pdb
c:\users\08051\source\repos\skateboard_enginetri\bin\debug-windows-x86_64\gameapp\gameapp.exe
c:\users\08051\source\repos\skateboard_enginetri\intermediate\debug-windows-x86_64\gameapp\gameapp.ilk
c:\users\08051\source\repos\skateboard_enginetri\bin\debug-windows-x86_64\gameapp\gameapp.pdb
c:\users\08051\source\repos\skateboardtriangled3d12\intermediate\debug-windows-x86_64\gameapp\gameapp.obj
c:\users\08051\source\repos\skateboardtriangled3d12\intermediate\debug-windows-x86_64\gameapp\gamelayer.obj
c:\users\08051\source\repos\skateboardtriangled3d12\intermediate\debug-windows-x86_64\gameapp\scenehierarchypanel.obj
c:\users\08051\source\repos\skateboardtriangled3d12\intermediate\debug-windows-x86_64\gameapp\gameapp.ilk
c:\users\08051\source\repos\skateboardtriangled3d12\intermediate\debug-windows-x86_64\gameapp\vc143.idb
c:\users\08051\source\repos\skateboardtriangled3d12\intermediate\debug-windows-x86_64\gameapp\vc143.pdb
c:\users\08051\source\repos\skateboardtriangled3d12\bin\debug-windows-x86_64\gameapp\gameapp.exe
c:\users\08051\source\repos\skateboardtriangled3d12\intermediate\debug-windows-x86_64\gameapp\gameapp.tlog\cl.command.1.tlog
c:\users\08051\source\repos\skateboardtriangled3d12\intermediate\debug-windows-x86_64\gameapp\gameapp.tlog\cl.read.1.tlog
c:\users\08051\source\repos\skateboardtriangled3d12\intermediate\debug-windows-x86_64\gameapp\gameapp.tlog\cl.write.1.tlog
c:\users\08051\source\repos\skateboardtriangled3d12\intermediate\debug-windows-x86_64\gameapp\gameapp.tlog\dxc.command.1.tlog
c:\users\08051\source\repos\skateboardtriangled3d12\intermediate\debug-windows-x86_64\gameapp\gameapp.tlog\dxc.read.1.tlog
c:\users\08051\source\repos\skateboardtriangled3d12\intermediate\debug-windows-x86_64\gameapp\gameapp.tlog\dxc.write.1.tlog
c:\users\08051\source\repos\skateboardtriangled3d12\intermediate\debug-windows-x86_64\gameapp\gameapp.tlog\fxc.command.1.tlog
c:\users\08051\source\repos\skateboardtriangled3d12\intermediate\debug-windows-x86_64\gameapp\gameapp.tlog\fxc.read.1.tlog
c:\users\08051\source\repos\skateboardtriangled3d12\intermediate\debug-windows-x86_64\gameapp\gameapp.tlog\link.command.1.tlog
c:\users\08051\source\repos\skateboardtriangled3d12\intermediate\debug-windows-x86_64\gameapp\gameapp.tlog\link.read.1.tlog
c:\users\08051\source\repos\skateboardtriangled3d12\intermediate\debug-windows-x86_64\gameapp\gameapp.tlog\link.write.1.tlog
