c:\users\08051\source\repos\skateboard_engine\bin\debug-windows-x86_64\imgui\imgui.pdb
c:\users\08051\source\repos\skateboard_engine\bin\debug-windows-x86_64\imgui\imgui.idb
c:\users\08051\source\repos\skateboard_engine\intermediate\debug-windows-x86_64\imgui\imgui_widgets.obj
c:\users\08051\source\repos\skateboard_engine\intermediate\debug-windows-x86_64\imgui\imgui_tables.obj
c:\users\08051\source\repos\skateboard_engine\intermediate\debug-windows-x86_64\imgui\imgui_draw.obj
c:\users\08051\source\repos\skateboard_engine\intermediate\debug-windows-x86_64\imgui\imgui_demo.obj
c:\users\08051\source\repos\skateboard_engine\intermediate\debug-windows-x86_64\imgui\imgui.obj
c:\users\08051\source\repos\skateboard_enginetri\bin\debug-windows-x86_64\imgui\imgui.pdb
c:\users\08051\source\repos\skateboard_enginetri\bin\debug-windows-x86_64\imgui\imgui.idb
c:\users\08051\source\repos\skateboard_enginetri\intermediate\debug-windows-x86_64\imgui\imgui_widgets.obj
c:\users\08051\source\repos\skateboard_enginetri\intermediate\debug-windows-x86_64\imgui\imgui_tables.obj
c:\users\08051\source\repos\skateboard_enginetri\intermediate\debug-windows-x86_64\imgui\imgui_draw.obj
c:\users\08051\source\repos\skateboard_enginetri\intermediate\debug-windows-x86_64\imgui\imgui_demo.obj
c:\users\08051\source\repos\skateboard_enginetri\intermediate\debug-windows-x86_64\imgui\imgui.obj
c:\users\08051\source\repos\skateboard_engine\bin\debug-windows-x86_64\imgui\imgui.lib
c:\users\08051\source\repos\skateboard_enginetri\bin\debug-windows-x86_64\imgui\imgui.lib
c:\users\08051\source\repos\skateboardtriangled3d12\intermediate\debug-windows-x86_64\imgui\imgui.obj
c:\users\08051\source\repos\skateboardtriangled3d12\intermediate\debug-windows-x86_64\imgui\imgui_demo.obj
c:\users\08051\source\repos\skateboardtriangled3d12\intermediate\debug-windows-x86_64\imgui\imgui_draw.obj
c:\users\08051\source\repos\skateboardtriangled3d12\intermediate\debug-windows-x86_64\imgui\imgui_tables.obj
c:\users\08051\source\repos\skateboardtriangled3d12\intermediate\debug-windows-x86_64\imgui\imgui_widgets.obj
c:\users\08051\source\repos\skateboardtriangled3d12\bin\debug-windows-x86_64\imgui\imgui.lib
c:\users\08051\source\repos\skateboardtriangled3d12\intermediate\debug-windows-x86_64\imgui\imgui.tlog\cl.command.1.tlog
c:\users\08051\source\repos\skateboardtriangled3d12\intermediate\debug-windows-x86_64\imgui\imgui.tlog\cl.read.1.tlog
c:\users\08051\source\repos\skateboardtriangled3d12\intermediate\debug-windows-x86_64\imgui\imgui.tlog\cl.write.1.tlog
c:\users\08051\source\repos\skateboardtriangled3d12\intermediate\debug-windows-x86_64\imgui\imgui.tlog\lib-link.read.1.tlog
c:\users\08051\source\repos\skateboardtriangled3d12\intermediate\debug-windows-x86_64\imgui\imgui.tlog\lib-link.write.1.tlog
c:\users\08051\source\repos\skateboardtriangled3d12\intermediate\debug-windows-x86_64\imgui\imgui.tlog\lib.command.1.tlog
c:\users\08051\source\repos\skateboardtriangled3d12\intermediate\debug-windows-x86_64\imgui\imgui.tlog\..\..\..\..\bin\debug-windows-x86_64\imgui\imgui.pdb
c:\users\08051\source\repos\skateboardtriangled3d12\intermediate\debug-windows-x86_64\imgui\imgui.tlog\..\..\..\..\intermediate\debug-windows-x86_64\imgui\imgui.vcxproj.filelistabsolute.txt
