c:\users\08051\source\repos\skateboard_engine\intermediate\debug-windows-x86_64\skateboard\skateboard.pch
c:\users\08051\source\repos\skateboard_engine\bin\debug-windows-x86_64\skateboard\skateboard.pdb
c:\users\08051\source\repos\skateboard_engine\bin\debug-windows-x86_64\skateboard\skateboard.idb
c:\users\08051\source\repos\skateboard_engine\intermediate\debug-windows-x86_64\skateboard\sktbdpch.obj
c:\users\08051\source\repos\skateboard_engine\intermediate\debug-windows-x86_64\skateboard\memorymanager.obj
c:\users\08051\source\repos\skateboard_engine\intermediate\debug-windows-x86_64\skateboard\log.obj
c:\users\08051\source\repos\skateboard_engine\intermediate\debug-windows-x86_64\skateboard\layerstack.obj
c:\users\08051\source\repos\skateboard_engine\intermediate\debug-windows-x86_64\skateboard\imguilayer.obj
c:\users\08051\source\repos\skateboard_engine\intermediate\debug-windows-x86_64\skateboard\imguibuild.obj
c:\users\08051\source\repos\skateboard_engine\intermediate\debug-windows-x86_64\skateboard\camera.obj
c:\users\08051\source\repos\skateboard_engine\intermediate\debug-windows-x86_64\skateboard\assetmanager.obj
c:\users\08051\source\repos\skateboard_engine\intermediate\debug-windows-x86_64\skateboard\application.obj
c:\users\08051\source\repos\skateboard_engine\intermediate\debug-windows-x86_64\skateboard\windowsplatform.obj
c:\users\08051\source\repos\skateboard_engine\intermediate\debug-windows-x86_64\skateboard\windowsinput.obj
c:\users\08051\source\repos\skateboard_engine\intermediate\debug-windows-x86_64\skateboard\d3dmeshletmodel.obj
c:\users\08051\source\repos\skateboard_engine\intermediate\debug-windows-x86_64\skateboard\d3dmeshletpipeline.obj
c:\users\08051\source\repos\skateboard_engine\intermediate\debug-windows-x86_64\skateboard\d3dtableallocator.obj
c:\users\08051\source\repos\skateboard_engine\intermediate\debug-windows-x86_64\skateboard\d3dmemoryallocator.obj
c:\users\08051\source\repos\skateboard_engine\intermediate\debug-windows-x86_64\skateboard\d3dpipeline.obj
c:\users\08051\source\repos\skateboard_engine\intermediate\debug-windows-x86_64\skateboard\d3dgraphicscontext.obj
c:\users\08051\source\repos\skateboard_engine\intermediate\debug-windows-x86_64\skateboard\d3dframeresources.obj
c:\users\08051\source\repos\skateboard_engine\intermediate\debug-windows-x86_64\skateboard\d3dbuffer.obj
c:\users\08051\source\repos\skateboard_engine\intermediate\debug-windows-x86_64\skateboard\d3dassetmanager.obj
c:\users\08051\source\repos\skateboard_engine\intermediate\debug-windows-x86_64\skateboard\d3drenderingapi.obj
c:\users\08051\source\repos\skateboard_engine\intermediate\debug-windows-x86_64\skateboard\scenerenderer.obj
c:\users\08051\source\repos\skateboard_engine\intermediate\debug-windows-x86_64\skateboard\scenebuilder.obj
c:\users\08051\source\repos\skateboard_engine\intermediate\debug-windows-x86_64\skateboard\scene.obj
c:\users\08051\source\repos\skateboard_engine\intermediate\debug-windows-x86_64\skateboard\entity.obj
c:\users\08051\source\repos\skateboard_engine\intermediate\debug-windows-x86_64\skateboard\components.obj
c:\users\08051\source\repos\skateboard_engine\intermediate\debug-windows-x86_64\skateboard\renderer.obj
c:\users\08051\source\repos\skateboard_engine\intermediate\debug-windows-x86_64\skateboard\rendercommand.obj
c:\users\08051\source\repos\skateboard_engine\intermediate\debug-windows-x86_64\skateboard\pipeline.obj
c:\users\08051\source\repos\skateboard_engine\intermediate\debug-windows-x86_64\skateboard\model.obj
c:\users\08051\source\repos\skateboard_engine\intermediate\debug-windows-x86_64\skateboard\meshengine.obj
c:\users\08051\source\repos\skateboard_engine\intermediate\debug-windows-x86_64\skateboard\material.obj
c:\users\08051\source\repos\skateboard_engine\intermediate\debug-windows-x86_64\skateboard\light.obj
c:\users\08051\source\repos\skateboard_engine\intermediate\debug-windows-x86_64\skateboard\internalformats.obj
c:\users\08051\source\repos\skateboard_engine\intermediate\debug-windows-x86_64\skateboard\frameresources.obj
c:\users\08051\source\repos\skateboard_engine\intermediate\debug-windows-x86_64\skateboard\buffer.obj
c:\users\08051\source\repos\skateboard_engine\intermediate\debug-windows-x86_64\skateboard\renderingapi.obj
c:\users\08051\source\repos\skateboard_engine\intermediate\debug-windows-x86_64\skateboard\platform.obj
c:\users\08051\source\repos\skateboard_engine\intermediate\debug-windows-x86_64\skateboard\ddstextureloader.obj
c:\users\08051\source\repos\skateboard_engine\intermediate\debug-windows-x86_64\skateboard\timer.obj
c:\users\08051\source\repos\skateboard_enginetri\intermediate\debug-windows-x86_64\skateboard\skateboard.pch
c:\users\08051\source\repos\skateboard_enginetri\bin\debug-windows-x86_64\skateboard\skateboard.pdb
c:\users\08051\source\repos\skateboard_enginetri\bin\debug-windows-x86_64\skateboard\skateboard.idb
c:\users\08051\source\repos\skateboard_enginetri\intermediate\debug-windows-x86_64\skateboard\sktbdpch.obj
c:\users\08051\source\repos\skateboard_enginetri\intermediate\debug-windows-x86_64\skateboard\memorymanager.obj
c:\users\08051\source\repos\skateboard_enginetri\intermediate\debug-windows-x86_64\skateboard\log.obj
c:\users\08051\source\repos\skateboard_enginetri\intermediate\debug-windows-x86_64\skateboard\layerstack.obj
c:\users\08051\source\repos\skateboard_enginetri\intermediate\debug-windows-x86_64\skateboard\imguilayer.obj
c:\users\08051\source\repos\skateboard_enginetri\intermediate\debug-windows-x86_64\skateboard\imguibuild.obj
c:\users\08051\source\repos\skateboard_enginetri\intermediate\debug-windows-x86_64\skateboard\camera.obj
c:\users\08051\source\repos\skateboard_enginetri\intermediate\debug-windows-x86_64\skateboard\assetmanager.obj
c:\users\08051\source\repos\skateboard_enginetri\intermediate\debug-windows-x86_64\skateboard\application.obj
c:\users\08051\source\repos\skateboard_enginetri\intermediate\debug-windows-x86_64\skateboard\windowsplatform.obj
c:\users\08051\source\repos\skateboard_enginetri\intermediate\debug-windows-x86_64\skateboard\windowsinput.obj
c:\users\08051\source\repos\skateboard_enginetri\intermediate\debug-windows-x86_64\skateboard\d3dmeshletmodel.obj
c:\users\08051\source\repos\skateboard_enginetri\intermediate\debug-windows-x86_64\skateboard\d3dmeshletpipeline.obj
c:\users\08051\source\repos\skateboard_enginetri\intermediate\debug-windows-x86_64\skateboard\d3dtableallocator.obj
c:\users\08051\source\repos\skateboard_enginetri\intermediate\debug-windows-x86_64\skateboard\d3dmemoryallocator.obj
c:\users\08051\source\repos\skateboard_enginetri\intermediate\debug-windows-x86_64\skateboard\d3dpipeline.obj
c:\users\08051\source\repos\skateboard_enginetri\intermediate\debug-windows-x86_64\skateboard\d3dgraphicscontext.obj
c:\users\08051\source\repos\skateboard_enginetri\intermediate\debug-windows-x86_64\skateboard\d3dframeresources.obj
c:\users\08051\source\repos\skateboard_enginetri\intermediate\debug-windows-x86_64\skateboard\d3dbuffer.obj
c:\users\08051\source\repos\skateboard_enginetri\intermediate\debug-windows-x86_64\skateboard\d3dassetmanager.obj
c:\users\08051\source\repos\skateboard_enginetri\intermediate\debug-windows-x86_64\skateboard\d3drenderingapi.obj
c:\users\08051\source\repos\skateboard_enginetri\intermediate\debug-windows-x86_64\skateboard\scenerenderer.obj
c:\users\08051\source\repos\skateboard_enginetri\intermediate\debug-windows-x86_64\skateboard\scenebuilder.obj
c:\users\08051\source\repos\skateboard_enginetri\intermediate\debug-windows-x86_64\skateboard\scene.obj
c:\users\08051\source\repos\skateboard_enginetri\intermediate\debug-windows-x86_64\skateboard\entity.obj
c:\users\08051\source\repos\skateboard_enginetri\intermediate\debug-windows-x86_64\skateboard\components.obj
c:\users\08051\source\repos\skateboard_enginetri\intermediate\debug-windows-x86_64\skateboard\renderer.obj
c:\users\08051\source\repos\skateboard_enginetri\intermediate\debug-windows-x86_64\skateboard\rendercommand.obj
c:\users\08051\source\repos\skateboard_enginetri\intermediate\debug-windows-x86_64\skateboard\pipeline.obj
c:\users\08051\source\repos\skateboard_enginetri\intermediate\debug-windows-x86_64\skateboard\model.obj
c:\users\08051\source\repos\skateboard_enginetri\intermediate\debug-windows-x86_64\skateboard\meshengine.obj
c:\users\08051\source\repos\skateboard_enginetri\intermediate\debug-windows-x86_64\skateboard\material.obj
c:\users\08051\source\repos\skateboard_enginetri\intermediate\debug-windows-x86_64\skateboard\light.obj
c:\users\08051\source\repos\skateboard_enginetri\intermediate\debug-windows-x86_64\skateboard\internalformats.obj
c:\users\08051\source\repos\skateboard_enginetri\intermediate\debug-windows-x86_64\skateboard\frameresources.obj
c:\users\08051\source\repos\skateboard_enginetri\intermediate\debug-windows-x86_64\skateboard\buffer.obj
c:\users\08051\source\repos\skateboard_enginetri\intermediate\debug-windows-x86_64\skateboard\renderingapi.obj
c:\users\08051\source\repos\skateboard_enginetri\intermediate\debug-windows-x86_64\skateboard\platform.obj
c:\users\08051\source\repos\skateboard_enginetri\intermediate\debug-windows-x86_64\skateboard\ddstextureloader.obj
c:\users\08051\source\repos\skateboard_enginetri\intermediate\debug-windows-x86_64\skateboard\timer.obj
c:\users\08051\source\repos\skateboard_engine\bin\debug-windows-x86_64\skateboard\skateboard.lib
c:\users\08051\source\repos\skateboard_enginetri\bin\debug-windows-x86_64\skateboard\skateboard.lib
c:\users\08051\source\repos\skateboardtriangled3d12\intermediate\debug-windows-x86_64\skateboard\application.obj
c:\users\08051\source\repos\skateboardtriangled3d12\intermediate\debug-windows-x86_64\skateboard\assetmanager.obj
c:\users\08051\source\repos\skateboardtriangled3d12\intermediate\debug-windows-x86_64\skateboard\buffer.obj
c:\users\08051\source\repos\skateboardtriangled3d12\intermediate\debug-windows-x86_64\skateboard\camera.obj
c:\users\08051\source\repos\skateboardtriangled3d12\intermediate\debug-windows-x86_64\skateboard\components.obj
c:\users\08051\source\repos\skateboardtriangled3d12\intermediate\debug-windows-x86_64\skateboard\d3dassetmanager.obj
c:\users\08051\source\repos\skateboardtriangled3d12\intermediate\debug-windows-x86_64\skateboard\d3dbuffer.obj
c:\users\08051\source\repos\skateboardtriangled3d12\intermediate\debug-windows-x86_64\skateboard\d3dframeresources.obj
c:\users\08051\source\repos\skateboardtriangled3d12\intermediate\debug-windows-x86_64\skateboard\d3dgraphicscontext.obj
c:\users\08051\source\repos\skateboardtriangled3d12\intermediate\debug-windows-x86_64\skateboard\d3dmemoryallocator.obj
c:\users\08051\source\repos\skateboardtriangled3d12\intermediate\debug-windows-x86_64\skateboard\d3dmeshletmodel.obj
c:\users\08051\source\repos\skateboardtriangled3d12\intermediate\debug-windows-x86_64\skateboard\d3dmeshletpipeline.obj
c:\users\08051\source\repos\skateboardtriangled3d12\intermediate\debug-windows-x86_64\skateboard\d3dpipeline.obj
c:\users\08051\source\repos\skateboardtriangled3d12\intermediate\debug-windows-x86_64\skateboard\d3drenderingapi.obj
c:\users\08051\source\repos\skateboardtriangled3d12\intermediate\debug-windows-x86_64\skateboard\d3dtableallocator.obj
c:\users\08051\source\repos\skateboardtriangled3d12\intermediate\debug-windows-x86_64\skateboard\ddstextureloader.obj
c:\users\08051\source\repos\skateboardtriangled3d12\intermediate\debug-windows-x86_64\skateboard\entity.obj
c:\users\08051\source\repos\skateboardtriangled3d12\intermediate\debug-windows-x86_64\skateboard\frameresources.obj
c:\users\08051\source\repos\skateboardtriangled3d12\intermediate\debug-windows-x86_64\skateboard\imguibuild.obj
c:\users\08051\source\repos\skateboardtriangled3d12\intermediate\debug-windows-x86_64\skateboard\imguilayer.obj
c:\users\08051\source\repos\skateboardtriangled3d12\intermediate\debug-windows-x86_64\skateboard\internalformats.obj
c:\users\08051\source\repos\skateboardtriangled3d12\intermediate\debug-windows-x86_64\skateboard\layerstack.obj
c:\users\08051\source\repos\skateboardtriangled3d12\intermediate\debug-windows-x86_64\skateboard\light.obj
c:\users\08051\source\repos\skateboardtriangled3d12\intermediate\debug-windows-x86_64\skateboard\log.obj
c:\users\08051\source\repos\skateboardtriangled3d12\intermediate\debug-windows-x86_64\skateboard\material.obj
c:\users\08051\source\repos\skateboardtriangled3d12\intermediate\debug-windows-x86_64\skateboard\memorymanager.obj
c:\users\08051\source\repos\skateboardtriangled3d12\intermediate\debug-windows-x86_64\skateboard\meshengine.obj
c:\users\08051\source\repos\skateboardtriangled3d12\intermediate\debug-windows-x86_64\skateboard\model.obj
c:\users\08051\source\repos\skateboardtriangled3d12\intermediate\debug-windows-x86_64\skateboard\pipeline.obj
c:\users\08051\source\repos\skateboardtriangled3d12\intermediate\debug-windows-x86_64\skateboard\platform.obj
c:\users\08051\source\repos\skateboardtriangled3d12\intermediate\debug-windows-x86_64\skateboard\rendercommand.obj
c:\users\08051\source\repos\skateboardtriangled3d12\intermediate\debug-windows-x86_64\skateboard\renderer.obj
c:\users\08051\source\repos\skateboardtriangled3d12\intermediate\debug-windows-x86_64\skateboard\renderingapi.obj
c:\users\08051\source\repos\skateboardtriangled3d12\intermediate\debug-windows-x86_64\skateboard\scene.obj
c:\users\08051\source\repos\skateboardtriangled3d12\intermediate\debug-windows-x86_64\skateboard\scenebuilder.obj
c:\users\08051\source\repos\skateboardtriangled3d12\intermediate\debug-windows-x86_64\skateboard\scenerenderer.obj
c:\users\08051\source\repos\skateboardtriangled3d12\intermediate\debug-windows-x86_64\skateboard\sktbdpch.obj
c:\users\08051\source\repos\skateboardtriangled3d12\intermediate\debug-windows-x86_64\skateboard\timer.obj
c:\users\08051\source\repos\skateboardtriangled3d12\intermediate\debug-windows-x86_64\skateboard\windowsinput.obj
c:\users\08051\source\repos\skateboardtriangled3d12\intermediate\debug-windows-x86_64\skateboard\windowsplatform.obj
c:\users\08051\source\repos\skateboardtriangled3d12\intermediate\debug-windows-x86_64\skateboard\skateboard.pch
c:\users\08051\source\repos\skateboardtriangled3d12\bin\debug-windows-x86_64\skateboard\skateboard.lib
c:\users\08051\source\repos\skateboardtriangled3d12\intermediate\debug-windows-x86_64\skateboard\skateboard.tlog\cl.command.1.tlog
c:\users\08051\source\repos\skateboardtriangled3d12\intermediate\debug-windows-x86_64\skateboard\skateboard.tlog\cl.read.1.tlog
c:\users\08051\source\repos\skateboardtriangled3d12\intermediate\debug-windows-x86_64\skateboard\skateboard.tlog\cl.write.1.tlog
c:\users\08051\source\repos\skateboardtriangled3d12\intermediate\debug-windows-x86_64\skateboard\skateboard.tlog\lib-link.read.1.tlog
c:\users\08051\source\repos\skateboardtriangled3d12\intermediate\debug-windows-x86_64\skateboard\skateboard.tlog\lib-link.write.1.tlog
c:\users\08051\source\repos\skateboardtriangled3d12\intermediate\debug-windows-x86_64\skateboard\skateboard.tlog\lib.command.1.tlog
